Added https://lineofsuccession.co.uk/1837-06-20
Added https://lineofsuccession.co.uk/1862-06-20
Added https://lineofsuccession.co.uk/1877-06-20
Added https://lineofsuccession.co.uk/1887-06-20
Added https://lineofsuccession.co.uk/1897-06-20
Added https://lineofsuccession.co.uk/1901-01-22
Added https://lineofsuccession.co.uk/1910-05-06
Added https://lineofsuccession.co.uk/1935-05-06
Added https://lineofsuccession.co.uk/1936-01-20
Added https://lineofsuccession.co.uk/1936-12-11
Added https://lineofsuccession.co.uk/1952-02-06
Added https://lineofsuccession.co.uk/1977-02-06
Added https://lineofsuccession.co.uk/1992-02-06
Added https://lineofsuccession.co.uk/2002-02-06
Added https://lineofsuccession.co.uk/2012-02-06
Added https://lineofsuccession.co.uk/2017-02-06
Added https://lineofsuccession.co.uk/1926-04-21
Added https://lineofsuccession.co.uk/2015-05-02
Added https://lineofsuccession.co.uk/1948-11-14
Added https://lineofsuccession.co.uk/1982-06-21
Added https://lineofsuccession.co.uk/2013-07-22
Added https://lineofsuccession.co.uk/1984-09-15
Added https://lineofsuccession.co.uk/1960-02-19
Added https://lineofsuccession.co.uk/1988-08-08
Added https://lineofsuccession.co.uk/1990-03-23
Added https://lineofsuccession.co.uk/1964-03-10
Added https://lineofsuccession.co.uk/2007-12-17
Added https://lineofsuccession.co.uk/2003-11-08
Added https://lineofsuccession.co.uk/1950-08-15
Added https://lineofsuccession.co.uk/1977-11-15
Added https://lineofsuccession.co.uk/2010-12-29
Added https://lineofsuccession.co.uk/2012-03-29
Added https://lineofsuccession.co.uk/1981-05-15
Added https://lineofsuccession.co.uk/2014-01-17
Added https://lineofsuccession.co.uk/1961-11-03
Added https://lineofsuccession.co.uk/1999-07-01
Added https://lineofsuccession.co.uk/2002-05-14
Added https://lineofsuccession.co.uk/1964-05-01
Added https://lineofsuccession.co.uk/1996-07-28
Added https://lineofsuccession.co.uk/1999-02-05
Added https://lineofsuccession.co.uk/1944-08-26
Added https://lineofsuccession.co.uk/1974-10-24
Added https://lineofsuccession.co.uk/2007-03-12
Added https://lineofsuccession.co.uk/2010-05-20
Added https://lineofsuccession.co.uk/1977-11-19
Added https://lineofsuccession.co.uk/2010-06-22
Added https://lineofsuccession.co.uk/2012-05-25
Queue length: 47
Added https://lineofsuccession.co.uk/1839-12-04
Queue length: 47
Added https://lineofsuccession.co.uk/1860-07-24
Added https://lineofsuccession.co.uk/1862-08-14
Added https://lineofsuccession.co.uk/1841-11-09
Added https://lineofsuccession.co.uk/1844-08-06
Added https://lineofsuccession.co.uk/1850-05-01
Added https://lineofsuccession.co.uk/1853-04-07
Added https://lineofsuccession.co.uk/1840-11-21
Added https://lineofsuccession.co.uk/1859-01-27
Added https://lineofsuccession.co.uk/1843-04-25
Added https://lineofsuccession.co.uk/1846-05-25
Added https://lineofsuccession.co.uk/1848-03-18
Added https://lineofsuccession.co.uk/1857-04-14
Added https://lineofsuccession.co.uk/1845-09-21
Added https://lineofsuccession.co.uk/1848-01-09
Added https://lineofsuccession.co.uk/1849-12-03
Added https://lineofsuccession.co.uk/1848-07-22
Queue length: 62
Added https://lineofsuccession.co.uk/1876-11-25
Added https://lineofsuccession.co.uk/1878-09-01
Added https://lineofsuccession.co.uk/1864-01-08
Added https://lineofsuccession.co.uk/1865-06-03
Added https://lineofsuccession.co.uk/1867-02-20
Added https://lineofsuccession.co.uk/1868-07-06
Added https://lineofsuccession.co.uk/1869-11-26
Added https://lineofsuccession.co.uk/1874-10-15
Added https://lineofsuccession.co.uk/1875-10-29
Added https://lineofsuccession.co.uk/1868-02-10
Added https://lineofsuccession.co.uk/1866-04-12
Added https://lineofsuccession.co.uk/1870-06-14
Added https://lineofsuccession.co.uk/1872-04-22
Added https://lineofsuccession.co.uk/1868-11-25
Added https://lineofsuccession.co.uk/1863-04-05
Added https://lineofsuccession.co.uk/1864-11-01
Added https://lineofsuccession.co.uk/1866-07-11
Added https://lineofsuccession.co.uk/1872-06-06
Added https://lineofsuccession.co.uk/1874-05-24
Added https://lineofsuccession.co.uk/1867-04-14
Added https://lineofsuccession.co.uk/1869-02-26
Queue length: 82
Added https://lineofsuccession.co.uk/1887-01-29
Added https://lineofsuccession.co.uk/1888-07-27
Added https://lineofsuccession.co.uk/1884-04-20
Added https://lineofsuccession.co.uk/1883-01-13
Added https://lineofsuccession.co.uk/1882-01-15
Added https://lineofsuccession.co.uk/1886-03-17
Added https://lineofsuccession.co.uk/1884-07-19
Added https://lineofsuccession.co.uk/1883-02-25
Added https://lineofsuccession.co.uk/1882-05-06
Added https://lineofsuccession.co.uk/1883-07-07
Added https://lineofsuccession.co.uk/1884-07-14
Added https://lineofsuccession.co.uk/1879-05-12
Queue length: 93
Added https://lineofsuccession.co.uk/1897-05-24
Added https://lineofsuccession.co.uk/1899-01-18
Added https://lineofsuccession.co.uk/1894-06-23
Added https://lineofsuccession.co.uk/1895-12-14
Added https://lineofsuccession.co.uk/1897-04-25
Added https://lineofsuccession.co.uk/1891-05-17
Added https://lineofsuccession.co.uk/1893-04-03
Added https://lineofsuccession.co.uk/1893-10-15
Added https://lineofsuccession.co.uk/1894-10-12
Queue length: 101
Added https://lineofsuccession.co.uk/1900-07-31
Added https://lineofsuccession.co.uk/1901-04-02
Added https://lineofsuccession.co.uk/1900-03-31
Added https://lineofsuccession.co.uk/1900-01-06
Queue length: 104
Added https://lineofsuccession.co.uk/1910-04-20
Added https://lineofsuccession.co.uk/1911-04-16
Added https://lineofsuccession.co.uk/1902-12-20
Added https://lineofsuccession.co.uk/1905-07-12
Added https://lineofsuccession.co.uk/1903-07-02
Added https://lineofsuccession.co.uk/1903-08-05
Added https://lineofsuccession.co.uk/1909-01-05
Added https://lineofsuccession.co.uk/1907-02-02
Added https://lineofsuccession.co.uk/1909-05-09
Added https://lineofsuccession.co.uk/1902-07-04
Queue length: 113
Added https://lineofsuccession.co.uk/1932-08-05
Added https://lineofsuccession.co.uk/1935-10-09
Added https://lineofsuccession.co.uk/1930-08-21
Added https://lineofsuccession.co.uk/1923-02-23
Added https://lineofsuccession.co.uk/1924-08-21
Added https://lineofsuccession.co.uk/1914-08-09
Added https://lineofsuccession.co.uk/1929-09-23
Added https://lineofsuccession.co.uk/1930-06-09
Added https://lineofsuccession.co.uk/1932-02-12
Added https://lineofsuccession.co.uk/1920-08-08
Added https://lineofsuccession.co.uk/1921-10-25
Added https://lineofsuccession.co.uk/1923-09-06
Added https://lineofsuccession.co.uk/1928-01-19
Added https://lineofsuccession.co.uk/1929-06-28
Queue length: 126
Added https://lineofsuccession.co.uk/1935-12-04
Added https://lineofsuccession.co.uk/1933-12-18
Queue length: 127
Added https://lineofsuccession.co.uk/1936-12-25
Added https://lineofsuccession.co.uk/1935-05-21
Queue length: 128
Added https://lineofsuccession.co.uk/1950-10-21
Added https://lineofsuccession.co.uk/1953-04-05
Added https://lineofsuccession.co.uk/1941-12-18
Added https://lineofsuccession.co.uk/1942-07-04
Added https://lineofsuccession.co.uk/1937-02-21
Queue length: 132
Added https://lineofsuccession.co.uk/1975-11-23
Added https://lineofsuccession.co.uk/1977-11-06
Added https://lineofsuccession.co.uk/1962-06-26
Added https://lineofsuccession.co.uk/1970-07-25
Added https://lineofsuccession.co.uk/1964-04-28
Added https://lineofsuccession.co.uk/1964-02-29
Added https://lineofsuccession.co.uk/1966-07-31
Added https://lineofsuccession.co.uk/1953-10-05
Added https://lineofsuccession.co.uk/1973-10-01
Added https://lineofsuccession.co.uk/1955-02-14
Added https://lineofsuccession.co.uk/1964-07-04
Added https://lineofsuccession.co.uk/1953-05-19
Added https://lineofsuccession.co.uk/1961-03-03
Added https://lineofsuccession.co.uk/1959-06-20
Added https://lineofsuccession.co.uk/1973-07-20
Queue length: 146
Added https://lineofsuccession.co.uk/1990-05-26
Added https://lineofsuccession.co.uk/1993-06-04
Added https://lineofsuccession.co.uk/1980-03-01
Added https://lineofsuccession.co.uk/1979-04-06
Added https://lineofsuccession.co.uk/1981-04-23
Added https://lineofsuccession.co.uk/1978-09-19
Added https://lineofsuccession.co.uk/1980-05-13
Added https://lineofsuccession.co.uk/1982-11-19
Queue length: 153
Added https://lineofsuccession.co.uk/2002-02-10
Added https://lineofsuccession.co.uk/1994-08-06
Added https://lineofsuccession.co.uk/1996-12-26
Added https://lineofsuccession.co.uk/1996-11-12
Queue length: 156
Added https://lineofsuccession.co.uk/2010-05-30
Queue length: 156
Queue length: 155
Added https://lineofsuccession.co.uk/1926-10-18
Added https://lineofsuccession.co.uk/1917-08-30
Queue length: 156
Queue length: 155
Added https://lineofsuccession.co.uk/1945-12-15
Added https://lineofsuccession.co.uk/1937-07-04
Queue length: 156
Added https://lineofsuccession.co.uk/1981-07-01
Queue length: 156
Added https://lineofsuccession.co.uk/2012-10-30
Queue length: 156
Added https://lineofsuccession.co.uk/1988-01-09
Queue length: 156
Added https://lineofsuccession.co.uk/1954-08-23
Added https://lineofsuccession.co.uk/1957-02-27
Queue length: 157
Queue length: 156
Queue length: 155
Queue length: 154
Added https://lineofsuccession.co.uk/2003-03-02
Added https://lineofsuccession.co.uk/2004-12-21
Queue length: 155
Queue length: 154
Queue length: 153
Queue length: 152
Queue length: 151
Queue length: 150
Queue length: 149
Queue length: 148
Added https://lineofsuccession.co.uk/1961-06-23
Queue length: 148
Queue length: 147
Queue length: 146
Queue length: 145
Added https://lineofsuccession.co.uk/1994-12-15
Queue length: 145
Queue length: 144
Added https://lineofsuccession.co.uk/1943-04-27
Queue length: 144
Added https://lineofsuccession.co.uk/1974-06-11
Queue length: 144
Queue length: 143
Queue length: 142
Added https://lineofsuccession.co.uk/1978-06-30
Queue length: 142
Queue length: 141
Queue length: 140
Added https://lineofsuccession.co.uk/1840-01-11
Queue length: 140
Queue length: 139
Queue length: 138
Added https://lineofsuccession.co.uk/1843-01-14
Queue length: 138
Added https://lineofsuccession.co.uk/1844-11-30
Queue length: 138
Added https://lineofsuccession.co.uk/1850-07-09
Queue length: 138
Added https://lineofsuccession.co.uk/1852-04-17
Queue length: 138
Added https://lineofsuccession.co.uk/1840-09-23
Queue length: 138
Added https://lineofsuccession.co.uk/1857-05-01
Queue length: 138
Added https://lineofsuccession.co.uk/1843-04-22
Queue length: 138
Queue length: 137
Added https://lineofsuccession.co.uk/1848-05-28
Queue length: 137
Queue length: 136
Queue length: 135
Queue length: 134
Queue length: 133
Queue length: 132
Added https://lineofsuccession.co.uk/1876-05-21
Queue length: 132
Added https://lineofsuccession.co.uk/1878-11-17
Queue length: 132
Added https://lineofsuccession.co.uk/1864-06-26
Queue length: 132
Added https://lineofsuccession.co.uk/1864-09-15
Queue length: 132
Queue length: 131
Queue length: 130
Added https://lineofsuccession.co.uk/1870-05-03
Queue length: 130
Added https://lineofsuccession.co.uk/1872-08-12
Queue length: 130
Added https://lineofsuccession.co.uk/1876-05-12
Queue length: 130
Added https://lineofsuccession.co.uk/1867-05-28
Queue length: 130
Added https://lineofsuccession.co.uk/1866-06-19
Queue length: 130
Added https://lineofsuccession.co.uk/1870-10-07
Queue length: 130
Added https://lineofsuccession.co.uk/1871-04-08
Queue length: 130
Queue length: 129
Queue length: 128
Queue length: 127
Queue length: 126
Queue length: 125
Added https://lineofsuccession.co.uk/1873-05-30
Queue length: 125
Queue length: 124
Queue length: 123
Queue length: 122
Added https://lineofsuccession.co.uk/1889-03-20
Queue length: 122
Added https://lineofsuccession.co.uk/1884-03-29
Queue length: 122
Queue length: 121
Queue length: 120
Queue length: 119
Queue length: 118
Queue length: 117
Queue length: 116
Queue length: 115
Queue length: 114
Added https://lineofsuccession.co.uk/1879-03-28
Queue length: 114
Queue length: 113
Added https://lineofsuccession.co.uk/1899-02-07
Queue length: 113
Added https://lineofsuccession.co.uk/1890-12-17
Added https://lineofsuccession.co.uk/1892-09-13
Queue length: 114
Queue length: 113
Queue length: 112
Added https://lineofsuccession.co.uk/1892-01-15
Queue length: 112
Queue length: 111
Queue length: 110
Queue length: 109
Queue length: 108
Added https://lineofsuccession.co.uk/1901-08-06
Queue length: 108
Queue length: 107
Queue length: 106
Queue length: 105
Added https://lineofsuccession.co.uk/1911-04-19
Queue length: 105
Queue length: 104
Added https://lineofsuccession.co.uk/1906-04-22
Queue length: 104
Queue length: 103
Queue length: 102
Queue length: 101
Queue length: 100
Queue length: 99
Queue length: 98
Queue length: 97
Queue length: 96
Added https://lineofsuccession.co.uk/1931-01-05
Queue length: 96
Added https://lineofsuccession.co.uk/1922-04-30
Added https://lineofsuccession.co.uk/1917-05-12
Added https://lineofsuccession.co.uk/1919-09-24
Queue length: 98
Queue length: 97
Added https://lineofsuccession.co.uk/1913-01-03
Added https://lineofsuccession.co.uk/1916-11-03
Queue length: 98
Queue length: 97
Queue length: 96
Queue length: 95
Queue length: 94
Queue length: 93
Queue length: 92
Added https://lineofsuccession.co.uk/1928-01-02
Queue length: 92
Queue length: 91
Queue length: 90
Queue length: 89
Queue length: 88
Queue length: 87
Queue length: 86
Queue length: 85
Added https://lineofsuccession.co.uk/1938-11-21
Queue length: 85
Added https://lineofsuccession.co.uk/1942-08-26
Queue length: 85
Added https://lineofsuccession.co.uk/1938-07-19
Queue length: 85
Queue length: 84
Queue length: 83
Added https://lineofsuccession.co.uk/1962-07-22
Queue length: 83
Added https://lineofsuccession.co.uk/1972-08-29
Queue length: 83
Queue length: 82
Added https://lineofsuccession.co.uk/1963-09-27
Queue length: 82
Added https://lineofsuccession.co.uk/1965-03-26
Queue length: 82
Queue length: 81
Queue length: 80
Added https://lineofsuccession.co.uk/1956-11-15
Queue length: 80
Queue length: 79
Queue length: 78
Queue length: 77
Added https://lineofsuccession.co.uk/1959-02-27
Queue length: 77
Added https://lineofsuccession.co.uk/1971-09-22
Queue length: 77
Queue length: 76
Queue length: 75
Queue length: 74
Queue length: 73
Queue length: 72
Queue length: 71
Queue length: 70
Queue length: 69
Queue length: 68
Queue length: 67
Queue length: 66
Queue length: 65
Queue length: 64
Queue length: 63
Added https://lineofsuccession.co.uk/1919-01-19
Queue length: 63
Queue length: 62
Queue length: 61
Queue length: 60
Queue length: 59
Added https://lineofsuccession.co.uk/1985-06-08
Queue length: 59
Queue length: 58
Queue length: 57
Queue length: 56
Queue length: 55
Queue length: 54
Queue length: 53
Queue length: 52
Queue length: 51
Queue length: 50
Queue length: 49
Queue length: 48
Queue length: 47
Added https://lineofsuccession.co.uk/1851-11-19
Queue length: 47
Queue length: 46
Queue length: 45
Queue length: 44
Queue length: 43
Queue length: 42
Queue length: 41
Added https://lineofsuccession.co.uk/1878-12-15
Queue length: 41
Queue length: 40
Queue length: 39
Queue length: 38
Queue length: 37
Queue length: 36
Queue length: 35
Queue length: 34
Added https://lineofsuccession.co.uk/1871-04-06
Queue length: 34
Queue length: 33
Queue length: 32
Added https://lineofsuccession.co.uk/1890-06-16
Queue length: 32
Queue length: 31
Queue length: 30
Queue length: 29
Added https://lineofsuccession.co.uk/1890-06-17
Queue length: 29
Queue length: 28
Queue length: 27
Queue length: 26
Added https://lineofsuccession.co.uk/1912-05-28
Queue length: 26
Queue length: 25
Queue length: 24
Queue length: 23
Queue length: 22
Queue length: 21
Queue length: 20
Queue length: 19
Queue length: 18
Queue length: 17
Queue length: 16
Queue length: 15
Queue length: 14
Queue length: 13
Queue length: 12
Queue length: 11
Queue length: 10
Queue length: 9
Queue length: 8
Queue length: 7
Queue length: 6
Queue length: 5
Queue length: 4
Queue length: 3
Queue length: 2
Queue length: 1
Queue length: 0
https://lineofsuccession.co.uk/
https://lineofsuccession.co.uk/1837-06-20
https://lineofsuccession.co.uk/1839-12-04
https://lineofsuccession.co.uk/1840-01-11
https://lineofsuccession.co.uk/1840-09-23
https://lineofsuccession.co.uk/1840-11-21
https://lineofsuccession.co.uk/1841-11-09
https://lineofsuccession.co.uk/1843-01-14
https://lineofsuccession.co.uk/1843-04-22
https://lineofsuccession.co.uk/1843-04-25
https://lineofsuccession.co.uk/1844-08-06
https://lineofsuccession.co.uk/1844-11-30
https://lineofsuccession.co.uk/1845-09-21
https://lineofsuccession.co.uk/1846-05-25
https://lineofsuccession.co.uk/1848-01-09
https://lineofsuccession.co.uk/1848-03-18
https://lineofsuccession.co.uk/1848-05-28
https://lineofsuccession.co.uk/1848-07-22
https://lineofsuccession.co.uk/1849-12-03
https://lineofsuccession.co.uk/1850-05-01
https://lineofsuccession.co.uk/1850-07-09
https://lineofsuccession.co.uk/1851-11-19
https://lineofsuccession.co.uk/1852-04-17
https://lineofsuccession.co.uk/1853-04-07
https://lineofsuccession.co.uk/1857-04-14
https://lineofsuccession.co.uk/1857-05-01
https://lineofsuccession.co.uk/1859-01-27
https://lineofsuccession.co.uk/1860-07-24
https://lineofsuccession.co.uk/1862-06-20
https://lineofsuccession.co.uk/1862-08-14
https://lineofsuccession.co.uk/1863-04-05
https://lineofsuccession.co.uk/1864-01-08
https://lineofsuccession.co.uk/1864-06-26
https://lineofsuccession.co.uk/1864-09-15
https://lineofsuccession.co.uk/1864-11-01
https://lineofsuccession.co.uk/1865-06-03
https://lineofsuccession.co.uk/1866-04-12
https://lineofsuccession.co.uk/1866-06-19
https://lineofsuccession.co.uk/1866-07-11
https://lineofsuccession.co.uk/1867-02-20
https://lineofsuccession.co.uk/1867-04-14
https://lineofsuccession.co.uk/1867-05-28
https://lineofsuccession.co.uk/1868-02-10
https://lineofsuccession.co.uk/1868-07-06
https://lineofsuccession.co.uk/1868-11-25
https://lineofsuccession.co.uk/1869-02-26
https://lineofsuccession.co.uk/1869-11-26
https://lineofsuccession.co.uk/1870-05-03
https://lineofsuccession.co.uk/1870-06-14
https://lineofsuccession.co.uk/1870-10-07
https://lineofsuccession.co.uk/1871-04-06
https://lineofsuccession.co.uk/1871-04-08
https://lineofsuccession.co.uk/1872-04-22
https://lineofsuccession.co.uk/1872-06-06
https://lineofsuccession.co.uk/1872-08-12
https://lineofsuccession.co.uk/1873-05-30
https://lineofsuccession.co.uk/1874-05-24
https://lineofsuccession.co.uk/1874-10-15
https://lineofsuccession.co.uk/1875-10-29
https://lineofsuccession.co.uk/1876-05-12
https://lineofsuccession.co.uk/1876-05-21
https://lineofsuccession.co.uk/1876-11-25
https://lineofsuccession.co.uk/1877-06-20
https://lineofsuccession.co.uk/1878-09-01
https://lineofsuccession.co.uk/1878-11-17
https://lineofsuccession.co.uk/1878-12-15
https://lineofsuccession.co.uk/1879-03-28
https://lineofsuccession.co.uk/1879-05-12
https://lineofsuccession.co.uk/1882-01-15
https://lineofsuccession.co.uk/1882-05-06
https://lineofsuccession.co.uk/1883-01-13
https://lineofsuccession.co.uk/1883-02-25
https://lineofsuccession.co.uk/1883-07-07
https://lineofsuccession.co.uk/1884-03-29
https://lineofsuccession.co.uk/1884-04-20
https://lineofsuccession.co.uk/1884-07-14
https://lineofsuccession.co.uk/1884-07-19
https://lineofsuccession.co.uk/1886-03-17
https://lineofsuccession.co.uk/1887-01-29
https://lineofsuccession.co.uk/1887-06-20
https://lineofsuccession.co.uk/1888-07-27
https://lineofsuccession.co.uk/1889-03-20
https://lineofsuccession.co.uk/1890-06-16
https://lineofsuccession.co.uk/1890-06-17
https://lineofsuccession.co.uk/1890-12-17
https://lineofsuccession.co.uk/1891-05-17
https://lineofsuccession.co.uk/1892-01-15
https://lineofsuccession.co.uk/1892-09-13
https://lineofsuccession.co.uk/1893-04-03
https://lineofsuccession.co.uk/1893-10-15
https://lineofsuccession.co.uk/1894-06-23
https://lineofsuccession.co.uk/1894-10-12
https://lineofsuccession.co.uk/1895-12-14
https://lineofsuccession.co.uk/1897-04-25
https://lineofsuccession.co.uk/1897-05-24
https://lineofsuccession.co.uk/1897-06-20
https://lineofsuccession.co.uk/1899-01-18
https://lineofsuccession.co.uk/1899-02-07
https://lineofsuccession.co.uk/1900-01-06
https://lineofsuccession.co.uk/1900-03-31
https://lineofsuccession.co.uk/1900-07-31
https://lineofsuccession.co.uk/1901-01-22
https://lineofsuccession.co.uk/1901-04-02
https://lineofsuccession.co.uk/1901-08-06
https://lineofsuccession.co.uk/1902-07-04
https://lineofsuccession.co.uk/1902-12-20
https://lineofsuccession.co.uk/1903-07-02
https://lineofsuccession.co.uk/1903-08-05
https://lineofsuccession.co.uk/1905-07-12
https://lineofsuccession.co.uk/1906-04-22
https://lineofsuccession.co.uk/1907-02-02
https://lineofsuccession.co.uk/1909-01-05
https://lineofsuccession.co.uk/1909-05-09
https://lineofsuccession.co.uk/1910-04-20
https://lineofsuccession.co.uk/1910-05-06
https://lineofsuccession.co.uk/1911-04-16
https://lineofsuccession.co.uk/1911-04-19
https://lineofsuccession.co.uk/1912-05-28
https://lineofsuccession.co.uk/1913-01-03
https://lineofsuccession.co.uk/1914-08-09
https://lineofsuccession.co.uk/1916-11-03
https://lineofsuccession.co.uk/1917-05-12
https://lineofsuccession.co.uk/1917-08-30
https://lineofsuccession.co.uk/1919-01-19
https://lineofsuccession.co.uk/1919-09-24
https://lineofsuccession.co.uk/1920-08-08
https://lineofsuccession.co.uk/1921-10-25
https://lineofsuccession.co.uk/1922-04-30
https://lineofsuccession.co.uk/1923-02-23
https://lineofsuccession.co.uk/1923-09-06
https://lineofsuccession.co.uk/1924-08-21
https://lineofsuccession.co.uk/1926-04-21
https://lineofsuccession.co.uk/1926-10-18
https://lineofsuccession.co.uk/1928-01-02
https://lineofsuccession.co.uk/1928-01-19
https://lineofsuccession.co.uk/1929-06-28
https://lineofsuccession.co.uk/1929-09-23
https://lineofsuccession.co.uk/1930-06-09
https://lineofsuccession.co.uk/1930-08-21
https://lineofsuccession.co.uk/1931-01-05
https://lineofsuccession.co.uk/1932-02-12
https://lineofsuccession.co.uk/1932-08-05
https://lineofsuccession.co.uk/1933-12-18
https://lineofsuccession.co.uk/1935-05-06
https://lineofsuccession.co.uk/1935-05-21
https://lineofsuccession.co.uk/1935-10-09
https://lineofsuccession.co.uk/1935-12-04
https://lineofsuccession.co.uk/1936-01-20
https://lineofsuccession.co.uk/1936-12-11
https://lineofsuccession.co.uk/1936-12-25
https://lineofsuccession.co.uk/1937-02-21
https://lineofsuccession.co.uk/1937-07-04
https://lineofsuccession.co.uk/1938-07-19
https://lineofsuccession.co.uk/1938-11-21
https://lineofsuccession.co.uk/1941-12-18
https://lineofsuccession.co.uk/1942-07-04
https://lineofsuccession.co.uk/1942-08-26
https://lineofsuccession.co.uk/1943-04-27
https://lineofsuccession.co.uk/1944-08-26
https://lineofsuccession.co.uk/1945-12-15
https://lineofsuccession.co.uk/1948-11-14
https://lineofsuccession.co.uk/1950-08-15
https://lineofsuccession.co.uk/1950-10-21
https://lineofsuccession.co.uk/1952-02-06
https://lineofsuccession.co.uk/1953-04-05
https://lineofsuccession.co.uk/1953-05-19
https://lineofsuccession.co.uk/1953-10-05
https://lineofsuccession.co.uk/1954-08-23
https://lineofsuccession.co.uk/1955-02-14
https://lineofsuccession.co.uk/1956-11-15
https://lineofsuccession.co.uk/1957-02-27
https://lineofsuccession.co.uk/1959-02-27
https://lineofsuccession.co.uk/1959-06-20
https://lineofsuccession.co.uk/1960-02-19
https://lineofsuccession.co.uk/1961-03-03
https://lineofsuccession.co.uk/1961-06-23
https://lineofsuccession.co.uk/1961-11-03
https://lineofsuccession.co.uk/1962-06-26
https://lineofsuccession.co.uk/1962-07-22
https://lineofsuccession.co.uk/1963-09-27
https://lineofsuccession.co.uk/1964-02-29
https://lineofsuccession.co.uk/1964-03-10
https://lineofsuccession.co.uk/1964-04-28
https://lineofsuccession.co.uk/1964-05-01
https://lineofsuccession.co.uk/1964-07-04
https://lineofsuccession.co.uk/1965-03-26
https://lineofsuccession.co.uk/1966-07-31
https://lineofsuccession.co.uk/1970-07-25
https://lineofsuccession.co.uk/1971-09-22
https://lineofsuccession.co.uk/1972-08-29
https://lineofsuccession.co.uk/1973-07-20
https://lineofsuccession.co.uk/1973-10-01
https://lineofsuccession.co.uk/1974-06-11
https://lineofsuccession.co.uk/1974-10-24
https://lineofsuccession.co.uk/1975-11-23
https://lineofsuccession.co.uk/1977-02-06
https://lineofsuccession.co.uk/1977-11-06
https://lineofsuccession.co.uk/1977-11-15
https://lineofsuccession.co.uk/1977-11-19
https://lineofsuccession.co.uk/1978-06-30
https://lineofsuccession.co.uk/1978-09-19
https://lineofsuccession.co.uk/1979-04-06
https://lineofsuccession.co.uk/1980-03-01
https://lineofsuccession.co.uk/1980-05-13
https://lineofsuccession.co.uk/1981-04-23
https://lineofsuccession.co.uk/1981-05-15
https://lineofsuccession.co.uk/1981-07-01
https://lineofsuccession.co.uk/1982-06-21
https://lineofsuccession.co.uk/1982-11-19
https://lineofsuccession.co.uk/1984-09-15
https://lineofsuccession.co.uk/1985-06-08
https://lineofsuccession.co.uk/1988-01-09
https://lineofsuccession.co.uk/1988-08-08
https://lineofsuccession.co.uk/1990-03-23
https://lineofsuccession.co.uk/1990-05-26
https://lineofsuccession.co.uk/1992-02-06
https://lineofsuccession.co.uk/1993-06-04
https://lineofsuccession.co.uk/1994-08-06
https://lineofsuccession.co.uk/1994-12-15
https://lineofsuccession.co.uk/1996-07-28
https://lineofsuccession.co.uk/1996-11-12
https://lineofsuccession.co.uk/1996-12-26
https://lineofsuccession.co.uk/1999-02-05
https://lineofsuccession.co.uk/1999-07-01
https://lineofsuccession.co.uk/2002-02-06
https://lineofsuccession.co.uk/2002-02-10
https://lineofsuccession.co.uk/2002-05-14
https://lineofsuccession.co.uk/2003-03-02
https://lineofsuccession.co.uk/2003-11-08
https://lineofsuccession.co.uk/2004-12-21
https://lineofsuccession.co.uk/2007-03-12
https://lineofsuccession.co.uk/2007-12-17
https://lineofsuccession.co.uk/2010-05-20
https://lineofsuccession.co.uk/2010-05-30
https://lineofsuccession.co.uk/2010-06-22
https://lineofsuccession.co.uk/2010-12-29
https://lineofsuccession.co.uk/2012-02-06
https://lineofsuccession.co.uk/2012-03-29
https://lineofsuccession.co.uk/2012-05-25
https://lineofsuccession.co.uk/2012-10-30
https://lineofsuccession.co.uk/2013-07-22
https://lineofsuccession.co.uk/2014-01-17
https://lineofsuccession.co.uk/2015-05-02
https://lineofsuccession.co.uk/2017-02-06
244
